<?xml version="1.0" encoding="UTF-8"?>
<!-- Generated by org.testng.reporters.JUnitReportReporter -->
<testsuite hostname="LAPTOP-SS1A5J3T" failures="0" tests="1" name="com.qa.testcases.ManageTestCases" time="9.820" errors="0" timestamp="2022-04-18T11:36:49 IST" skipped="0">
  <testcase classname="com.qa.testcases.ManageTestCases" name="managePaymentMethodTc29" time="9.820"/>
  <system-out/>
</testsuite> <!-- com.qa.testcases.ManageTestCases -->
