<?xml version="1.0" encoding="UTF-8"?>
<!-- Generated by org.testng.reporters.JUnitReportReporter -->
<testsuite hostname="LAPTOP-SS1A5J3T" failures="0" tests="7" name="com.qa.testcases.DashBoardTestCase" time="54.196" errors="0" timestamp="2022-04-18T11:29:15 IST" skipped="0">
  <testcase classname="com.qa.testcases.DashBoardTestCase" name="dashBoard03" time="13.013"/>
  <system-out/>
  <testcase classname="com.qa.testcases.DashBoardTestCase" name="dashBoard05" time="9.953"/>
  <system-out/>
  <testcase classname="com.qa.testcases.DashBoardTestCase" name="adminUsersTc09" time="5.793"/>
  <system-out/>
  <testcase classname="com.qa.testcases.DashBoardTestCase" name="dashBoard04" time="5.736"/>
  <system-out/>
  <testcase classname="com.qa.testcases.DashBoardTestCase" name="adminUsersTc08" time="6.091"/>
  <system-out/>
  <testcase classname="com.qa.testcases.DashBoardTestCase" name="adminUsersTc07" time="8.814"/>
  <system-out/>
  <testcase classname="com.qa.testcases.DashBoardTestCase" name="dashBoard06" time="4.796"/>
  <system-out/>
</testsuite> <!-- com.qa.testcases.DashBoardTestCase -->
