<?xml version="1.0" encoding="UTF-8"?>
<!-- Generated by org.testng.reporters.JUnitReportReporter -->
<testsuite hostname="LAPTOP-SS1A5J3T" failures="0" tests="1" name="com.qa.testcases.ManagePageTestCases" time="2.637" errors="0" timestamp="2022-04-02T11:48:43 IST" skipped="0">
  <testcase classname="com.qa.testcases.ManagePageTestCases" name="manageProductTc19" time="2.637"/>
  <system-out/>
</testsuite> <!-- com.qa.testcases.ManagePageTestCases -->
