<?xml version="1.0" encoding="UTF-8"?>
<!-- Generated by org.testng.reporters.JUnitReportReporter -->
<testsuite hostname="LAPTOP-SS1A5J3T" failures="0" tests="5" name="com.qa.testcases.ManageExpenseTestCase" time="37.445" errors="0" timestamp="2022-04-18T11:29:15 IST" skipped="0">
  <testcase classname="com.qa.testcases.ManageExpenseTestCase" name="manageExpenseTc13" time="10.338"/>
  <system-out/>
  <testcase classname="com.qa.testcases.ManageExpenseTestCase" name="manageExpenseTc10" time="5.007"/>
  <system-out/>
  <testcase classname="com.qa.testcases.ManageExpenseTestCase" name="manageExpenseTc12" time="10.339"/>
  <system-out/>
  <testcase classname="com.qa.testcases.ManageExpenseTestCase" name="manageExpenseTc11" time="5.775"/>
  <system-out/>
  <testcase classname="com.qa.testcases.ManageExpenseTestCase" name="manageExpenseTc14" time="5.986"/>
  <system-out/>
</testsuite> <!-- com.qa.testcases.ManageExpenseTestCase -->
