<?xml version="1.0" encoding="UTF-8"?>
<!-- Generated by org.testng.reporters.JUnitReportReporter -->
<testsuite hostname="LAPTOP-SS1A5J3T" failures="0" tests="5" name="com.qa.testcases.ManageProductTestCases" time="44.451" errors="0" timestamp="2022-04-18T11:29:15 IST" skipped="0">
  <testcase classname="com.qa.testcases.ManageProductTestCases" name="manageExpenseTc15" time="11.557"/>
  <system-out/>
  <testcase classname="com.qa.testcases.ManageProductTestCases" name="manageProductTc18" time="7.417"/>
  <system-out/>
  <testcase classname="com.qa.testcases.ManageProductTestCases" name="manageProductTc17" time="13.960"/>
  <system-out/>
  <testcase classname="com.qa.testcases.ManageProductTestCases" name="manageProductTc19" time="4.531"/>
  <system-out/>
  <testcase classname="com.qa.testcases.ManageProductTestCases" name="manageExpenseTc16" time="6.986"/>
  <system-out/>
</testsuite> <!-- com.qa.testcases.ManageProductTestCases -->
